<?xml version="1.0" encoding="UTF-8"?>
<testng-results skipped="0" failed="0" ignored="0" total="1" passed="1">
  <reporter-output>
  </reporter-output>
  <suite name="test.LoginTest" duration-ms="5222" started-at="2023-01-05T02:54:14Z" finished-at="2023-01-05T02:54:19Z">
    <groups>
    </groups>
    <test name="Command line test" duration-ms="5222" started-at="2023-01-05T02:54:14Z" finished-at="2023-01-05T02:54:19Z">
      <class name="test.LoginTest">
        <test-method status="PASS" signature="validUserShouldBeAbleToLogin()[pri:0, instance:test.LoginTest@2de23121]" name="validUserShouldBeAbleToLogin" duration-ms="5187" started-at="2023-01-05T02:54:14Z" finished-at="2023-01-05T02:54:19Z">
          <reporter-output>
          </reporter-output>
        </test-method> <!-- validUserShouldBeAbleToLogin -->
      </class> <!-- test.LoginTest -->
    </test> <!-- Command line test -->
  </suite> <!-- test.LoginTest -->
</testng-results>
